Picked up JAVA_TOOL_OPTIONS: -Dstdout.encoding=UTF-8 -Dstderr.encoding=UTF-8
WARNING: A terminally deprecated method in sun.misc.Unsafe has been called
WARNING: sun.misc.Unsafe::staticFieldBase has been called by com.google.inject.internal.aop.HiddenClassDefiner (file:/C:/Users/akjan/AppData/Roaming/Code/User/globalStorage/pleiades.java-extension-pack-jdk/maven/latest/lib/guice-5.1.0-classes.jar)
WARNING: Please consider reporting this to the maintainers of class com.google.inject.internal.aop.HiddenClassDefiner
WARNING: sun.misc.Unsafe::staticFieldBase will be removed in a future release
[INFO] Scanning for projects...
[INFO] 
[INFO] ------------------< com.investify:investify-backend >-------------------
[INFO] Building investify-backend 0.1.0
[INFO]   from pom.xml
[INFO] --------------------------------[ jar ]---------------------------------
[INFO] 
[INFO] --- clean:3.3.2:clean (default-clean) @ investify-backend ---
[INFO] Deleting C:\Users\akjan\investify-fullstack\investify-fullstack\backend\target
[INFO] 
[INFO] --- resources:3.3.1:resources (default-resources) @ investify-backend ---
[INFO] Copying 1 resource from src\main\resources to target\classes
[INFO] Copying 0 resource from src\main\resources to target\classes
[INFO] 
[INFO] --- compiler:3.13.0:compile (default-compile) @ investify-backend ---
[INFO] Recompiling the module because of changed source code.
[INFO] Compiling 12 source files with javac [debug parameters release 17] to target\classes
[INFO] 
[INFO] --- resources:3.3.1:testResources (default-testResources) @ investify-backend ---
[INFO] skip non existing resourceDirectory C:\Users\akjan\investify-fullstack\investify-fullstack\backend\src\test\resources
[INFO] 
[INFO] --- compiler:3.13.0:testCompile (default-testCompile) @ investify-backend ---
[INFO] No sources to compile
[INFO] 
[INFO] --- surefire:3.2.5:test (default-test) @ investify-backend ---
[INFO] Tests are skipped.
[INFO] 
[INFO] --- jar:3.4.2:jar (default-jar) @ investify-backend ---
[INFO] Building jar: C:\Users\akjan\investify-fullstack\investify-fullstack\backend\target\investify-backend-0.1.0.jar
[INFO] 
[INFO] --- spring-boot:3.3.1:repackage (repackage) @ investify-backend ---
[INFO] Replacing main artifact C:\Users\akjan\investify-fullstack\investify-fullstack\backend\target\investify-backend-0.1.0.jar with repackaged archive, adding nested dependencies in BOOT-INF/.
[INFO] The original artifact has been renamed to C:\Users\akjan\investify-fullstack\investify-fullstack\backend\target\investify-backend-0.1.0.jar.original
[INFO] ------------------------------------------------------------------------
[INFO] BUILD SUCCESS
[INFO] ------------------------------------------------------------------------
[INFO] Total time:  5.049 s
[INFO] Finished at: 2025-08-24T02:14:53+05:30
[INFO] ------------------------------------------------------------------------
Terminate batch job (Y/N)? Terminate batch job (Y/N)? 
^C